[debug] [2023-03-16T09:19:13.792Z] ----------------------------------------------------------------------
[debug] [2023-03-16T09:19:13.798Z] Command:       C:\Program Files\nodejs\node.exe C:\Users\Ben Varghese Eapen\AppData\Roaming\npm\node_modules\firebase-tools\lib\bin\firebase.js login
[debug] [2023-03-16T09:19:13.798Z] CLI Version:   11.24.1
[debug] [2023-03-16T09:19:13.798Z] Platform:      win32
[debug] [2023-03-16T09:19:13.798Z] Node Version:  v18.14.0
[debug] [2023-03-16T09:19:13.799Z] Time:          Thu Mar 16 2023 14:49:13 GMT+0530 (India Standard Time)
[debug] [2023-03-16T09:19:13.800Z] ----------------------------------------------------------------------
[debug] 
[info] i  Firebase optionally collects CLI and Emulator Suite usage and error reporting information to help improve our products. Data is collected in accordance with Google's privacy policy (https://policies.google.com/privacy) and is not used to identify you.
 
[info] i  To change your data collection preference at any time, run `firebase logout` and log in again. 
[info] 
[info] Visit this URL on this device to log in:
[info] https://accounts.google.com/o/oauth2/auth?client_id=563584335869-fgrhgmd47bqnekij5i8b5pr03ho849e6.apps.googleusercontent.com&scope=email%20openid%20https%3A%2F%2Fwww.googleapis.com%2Fauth%2Fcloudplatformprojects.readonly%20https%3A%2F%2Fwww.googleapis.com%2Fauth%2Ffirebase%20https%3A%2F%2Fwww.googleapis.com%2Fauth%2Fcloud-platform&response_type=code&state=1030598140&redirect_uri=http%3A%2F%2Flocalhost%3A9005
[info] 
[info] Waiting for authentication...
[debug] [2023-03-16T09:19:23.917Z] Error: spawn cmd ENOENT
    at ChildProcess._handle.onexit (node:internal/child_process:283:19)
    at onErrorNT (node:internal/child_process:476:16)
    at process.processTicksAndRejections (node:internal/process/task_queues:82:21)
[error] 
[error] Error: An unexpected error has occurred.
[debug] [2023-03-16T09:21:08.330Z] ----------------------------------------------------------------------
[debug] [2023-03-16T09:21:08.332Z] Command:       C:\Program Files\nodejs\node.exe C:\Users\Ben Varghese Eapen\AppData\Roaming\npm\node_modules\firebase-tools\lib\bin\firebase.js login
[debug] [2023-03-16T09:21:08.333Z] CLI Version:   11.24.1
[debug] [2023-03-16T09:21:08.333Z] Platform:      win32
[debug] [2023-03-16T09:21:08.334Z] Node Version:  v18.14.0
[debug] [2023-03-16T09:21:08.335Z] Time:          Thu Mar 16 2023 14:51:08 GMT+0530 (India Standard Time)
[debug] [2023-03-16T09:21:08.335Z] ----------------------------------------------------------------------
[debug] 
[info] i  Firebase optionally collects CLI and Emulator Suite usage and error reporting information to help improve our products. Data is collected in accordance with Google's privacy policy (https://policies.google.com/privacy) and is not used to identify you.
 
[info] i  To change your data collection preference at any time, run `firebase logout` and log in again. 
[info] 
[info] Visit this URL on this device to log in:
[info] https://accounts.google.com/o/oauth2/auth?client_id=563584335869-fgrhgmd47bqnekij5i8b5pr03ho849e6.apps.googleusercontent.com&scope=email%20openid%20https%3A%2F%2Fwww.googleapis.com%2Fauth%2Fcloudplatformprojects.readonly%20https%3A%2F%2Fwww.googleapis.com%2Fauth%2Ffirebase%20https%3A%2F%2Fwww.googleapis.com%2Fauth%2Fcloud-platform&response_type=code&state=697214756&redirect_uri=http%3A%2F%2Flocalhost%3A9005
[info] 
[info] Waiting for authentication...
[debug] [2023-03-16T09:21:10.477Z] Error: spawn cmd ENOENT
    at ChildProcess._handle.onexit (node:internal/child_process:283:19)
    at onErrorNT (node:internal/child_process:476:16)
    at process.processTicksAndRejections (node:internal/process/task_queues:82:21)
[error] 
[error] Error: An unexpected error has occurred.
[debug] [2023-03-16T09:37:35.401Z] ----------------------------------------------------------------------
[debug] [2023-03-16T09:37:35.403Z] Command:       C:\Program Files\nodejs\node.exe C:\Users\Ben Varghese Eapen\AppData\Roaming\npm\node_modules\firebase-tools\lib\bin\firebase.js login
[debug] [2023-03-16T09:37:35.404Z] CLI Version:   11.24.1
[debug] [2023-03-16T09:37:35.404Z] Platform:      win32
[debug] [2023-03-16T09:37:35.404Z] Node Version:  v18.14.0
[debug] [2023-03-16T09:37:35.405Z] Time:          Thu Mar 16 2023 15:07:35 GMT+0530 (India Standard Time)
[debug] [2023-03-16T09:37:35.405Z] ----------------------------------------------------------------------
[debug] 
[info] i  Firebase optionally collects CLI and Emulator Suite usage and error reporting information to help improve our products. Data is collected in accordance with Google's privacy policy (https://policies.google.com/privacy) and is not used to identify you.
 
[info] i  To change your data collection preference at any time, run `firebase logout` and log in again. 
[info] 
[info] Visit this URL on this device to log in:
[info] https://accounts.google.com/o/oauth2/auth?client_id=563584335869-fgrhgmd47bqnekij5i8b5pr03ho849e6.apps.googleusercontent.com&scope=email%20openid%20https%3A%2F%2Fwww.googleapis.com%2Fauth%2Fcloudplatformprojects.readonly%20https%3A%2F%2Fwww.googleapis.com%2Fauth%2Ffirebase%20https%3A%2F%2Fwww.googleapis.com%2Fauth%2Fcloud-platform&response_type=code&state=585068888&redirect_uri=http%3A%2F%2Flocalhost%3A9005
[info] 
[info] Waiting for authentication...
[debug] [2023-03-16T09:37:40.820Z] Error: spawn cmd ENOENT
    at ChildProcess._handle.onexit (node:internal/child_process:283:19)
    at onErrorNT (node:internal/child_process:476:16)
    at process.processTicksAndRejections (node:internal/process/task_queues:82:21)
[error] 
[error] Error: An unexpected error has occurred.
[debug] [2023-03-16T09:58:00.889Z] ----------------------------------------------------------------------
[debug] [2023-03-16T09:58:00.891Z] Command:       C:\Program Files\nodejs\node.exe C:\Users\Ben Varghese Eapen\AppData\Roaming\npm\node_modules\firebase-tools\lib\bin\firebase.js login
[debug] [2023-03-16T09:58:00.893Z] CLI Version:   11.24.1
[debug] [2023-03-16T09:58:00.893Z] Platform:      win32
[debug] [2023-03-16T09:58:00.893Z] Node Version:  v18.14.0
[debug] [2023-03-16T09:58:00.895Z] Time:          Thu Mar 16 2023 15:28:00 GMT+0530 (India Standard Time)
[debug] [2023-03-16T09:58:00.895Z] ----------------------------------------------------------------------
[debug] 
[info] i  Firebase optionally collects CLI and Emulator Suite usage and error reporting information to help improve our products. Data is collected in accordance with Google's privacy policy (https://policies.google.com/privacy) and is not used to identify you.
 
[info] i  To change your data collection preference at any time, run `firebase logout` and log in again. 
[info] 
[info] Visit this URL on this device to log in:
[info] https://accounts.google.com/o/oauth2/auth?client_id=563584335869-fgrhgmd47bqnekij5i8b5pr03ho849e6.apps.googleusercontent.com&scope=email%20openid%20https%3A%2F%2Fwww.googleapis.com%2Fauth%2Fcloudplatformprojects.readonly%20https%3A%2F%2Fwww.googleapis.com%2Fauth%2Ffirebase%20https%3A%2F%2Fwww.googleapis.com%2Fauth%2Fcloud-platform&response_type=code&state=375924868&redirect_uri=http%3A%2F%2Flocalhost%3A9005
[info] 
[info] Waiting for authentication...
[debug] [2023-03-16T09:58:45.220Z] Error: spawn cmd ENOENT
    at ChildProcess._handle.onexit (node:internal/child_process:283:19)
    at onErrorNT (node:internal/child_process:476:16)
    at process.processTicksAndRejections (node:internal/process/task_queues:82:21)
[error] 
[error] Error: An unexpected error has occurred.
